Problem:    exercicio4
Rows:       10
Columns:    12 (12 integer, 3 binary)
Non-zeros:  39
Status:     INTEGER EMPTY
Objective:  Z = 0 (MAXimum)

   No.   Row name        Activity     Lower bound   Upper bound
------ ------------    ------------- ------------- -------------
     1 Z                           0                             
     2 Area_fazenda[1]
                                   0                         329 
     3 Area_fazenda[2]
                                   0                         720 
     4 Area_fazenda[3]
                                   0                         430 
     5 Agua_fazenda[1]
                                   0                         520 
     6 Agua_fazenda[2]
                                   0                         975 
     7 Agua_fazenda[3]
                                   0                         240 
     8 Area_min[1]                 0           445               
     9 Area_min[2]                 0           222               
    10 Area_min[3]                 0           322               

   No. Column name       Activity     Lower bound   Upper bound
------ ------------    ------------- ------------- -------------
     1 x[1,1]       *              0             0               
     2 x[1,2]       *              0             0               
     3 x[1,3]       *              0             0               
     4 x[2,1]       *              0             0               
     5 x[2,2]       *              0             0               
     6 x[2,3]       *              0             0               
     7 x[3,1]       *              0             0               
     8 x[3,2]       *              0             0               
     9 x[3,3]       *              0             0               
    10 y[1]         *              0             0             1 
    11 y[2]         *              0             0             1 
    12 y[3]         *              0             0             1 

Integer feasibility conditions:

KKT.PE: max.abs.err = 0.00e+00 on row 0
        max.rel.err = 0.00e+00 on row 0
        High quality

KKT.PB: max.abs.err = 4.45e+02 on row 8
        max.rel.err = 9.98e-01 on row 8
        SOLUTION IS INFEASIBLE

End of output
